/home/msadikov/envML/lib/python3.7/site-packages/mybigdft/globals.py:65: RuntimeWarning: BigDFT sources and/or root not found. If BigDFT is installed, run 'source bigdftvars.sh' in the same folder as the bigdft executable.
  RuntimeWarning,
Config 0 is unique
Config 1 is unique
Config 2 is unique
Config 3 is unique
Config 4 is unique
Config 5 is unique
Config 6 is unique
Config 7 is unique
Config 8 is unique
Config 9 is unique
Config 10 is unique
Config 12 is unique
Config 14 is unique
Config 16 is unique
Config 18 is unique
Config 19 is unique
Config 20 is unique
Config 21 is unique
Config 22 is unique
Config 23 is unique
Config 24 is unique
Config 25 is unique
Config 26 is unique
Config 27 is unique
Config 28 is unique
Config 29 is unique
Config 30 is unique
Config 32 is unique
Config 34 is unique
Config 36 is unique
Config 38 is unique
Config 39 is unique
Config 40 is unique
Config 41 is unique
Config 42 is unique
Config 43 is unique
Config 44 is unique
Config 45 is unique
Config 46 is unique
Config 47 is unique
Config 48 is unique
Config 49 is unique
Config 50 is unique
Config 52 is unique
Config 54 is unique
Config 56 is unique
Config 58 is unique
Config 59 is unique
Config 60 is unique
Config 61 is unique
Config 62 is unique
Config 63 is unique
Config 64 is unique
Config 65 is unique
Config 66 is unique
Config 67 is unique
Config 68 is unique
Config 69 is unique
Config 70 is unique
Config 72 is unique
Config 74 is unique
Config 76 is unique
Config 78 is unique
Config 79 is unique
Config 80 is unique
Config 81 is unique
Config 82 is unique
Config 83 is unique
Config 84 is unique
Config 85 is unique
Config 86 is unique
Config 87 is unique
Config 88 is unique
Config 89 is unique
Config 90 is unique
Config 92 is unique
Config 94 is unique
Config 96 is unique
Config 98 is unique
Config 99 is unique
Config 100 is unique
Config 101 is unique
Config 104 is unique
Config 105 is unique
Config 108 is unique
Config 111 is unique
Config 115 is unique
Unique indices: [0, 1, 2, 3, 4, 5, 6, 7, 8, 9, 10, 12, 14, 16, 18, 19, 20, 21, 22, 23, 24, 25, 26, 27, 28, 29, 30, 32, 34, 36, 38, 39, 40, 41, 42, 43, 44, 45, 46, 47, 48, 49, 50, 52, 54, 56, 58, 59, 60, 61, 62, 63, 64, 65, 66, 67, 68, 69, 70, 72, 74, 76, 78, 79, 80, 81, 82, 83, 84, 85, 86, 87, 88, 89, 90, 92, 94, 96, 98, 99, 100, 101, 104, 105, 108, 111, 115]
There are 87 unique configurations, and 199 configurations in total.
Counter: [1, 2, 2, 4, 1, 2, 2, 4, 1, 1, 2, 1, 2, 1, 2, 2, 2, 4, 2, 4, 2, 4, 2, 4, 2, 2, 2, 2, 2, 2, 2, 2, 2, 4, 2, 4, 2, 4, 2, 4, 2, 2, 2, 2, 2, 2, 2, 2, 2, 4, 2, 4, 2, 4, 2, 4, 2, 2, 2, 2, 2, 2, 2, 2, 2, 4, 2, 4, 2, 4, 2, 4, 2, 2, 2, 2, 2, 2, 2, 2, 1, 2, 1, 2, 1, 1, 1]
