/home/msadikov/envML/lib/python3.7/site-packages/mybigdft/globals.py:65: RuntimeWarning: BigDFT sources and/or root not found. If BigDFT is installed, run 'source bigdftvars.sh' in the same folder as the bigdft executable.
  RuntimeWarning,
Config 0 is unique
Config 1 is unique
Config 2 is unique
Config 3 is unique
Config 4 is unique
Config 5 is unique
Config 6 is unique
Config 7 is unique
Config 8 is unique
Config 9 is unique
Config 10 is unique
Config 11 is unique
Config 12 is unique
Config 13 is unique
Config 14 is unique
Config 15 is unique
Config 16 is unique
Config 17 is unique
Config 18 is unique
Config 19 is unique
Config 20 is unique
Config 21 is unique
Config 22 is unique
Config 23 is unique
Config 24 is unique
Config 27 is unique
Config 28 is unique
Config 94 is unique
Config 95 is unique
Config 96 is unique
Config 97 is unique
Config 98 is unique
Config 99 is unique
Config 100 is unique
Config 101 is unique
Config 102 is unique
Config 103 is unique
Config 104 is unique
Config 105 is unique
Config 106 is unique
Config 107 is unique
Config 108 is unique
Config 109 is unique
Config 110 is unique
Config 111 is unique
Config 112 is unique
Config 113 is unique
Config 116 is unique
Config 117 is unique
Config 118 is unique
Config 119 is unique
Config 120 is unique
Config 121 is unique
Config 187 is unique
Config 188 is unique
Config 189 is unique
Config 190 is unique
Config 191 is unique
Config 192 is unique
Config 193 is unique
Config 194 is unique
Config 195 is unique
Config 196 is unique
Config 197 is unique
Config 198 is unique
Config 199 is unique
Config 200 is unique
Config 201 is unique
Config 202 is unique
Config 203 is unique
Config 204 is unique
Config 205 is unique
Config 206 is unique
Config 207 is unique
Config 208 is unique
Config 209 is unique
Config 210 is unique
Config 211 is unique
Config 212 is unique
Config 213 is unique
Config 214 is unique
Config 215 is unique
Config 216 is unique
Config 217 is unique
Config 218 is unique
Config 219 is unique
Config 220 is unique
Config 221 is unique
Config 222 is unique
Config 223 is unique
Config 224 is unique
Config 225 is unique
Config 226 is unique
Config 227 is unique
Config 228 is unique
Config 229 is unique
Config 230 is unique
Config 231 is unique
Config 232 is unique
Config 233 is unique
Config 234 is unique
Config 235 is unique
Config 236 is unique
Config 237 is unique
Config 238 is unique
Config 239 is unique
Config 240 is unique
Config 244 is unique
Config 245 is unique
Config 246 is unique
Config 247 is unique
Config 248 is unique
Config 249 is unique
Config 250 is unique
Config 251 is unique
Config 252 is unique
Config 253 is unique
Config 254 is unique
Config 255 is unique
Config 256 is unique
Config 257 is unique
Config 258 is unique
Config 259 is unique
Config 260 is unique
Config 261 is unique
Config 262 is unique
Config 263 is unique
Config 264 is unique
Config 265 is unique
Config 266 is unique
Config 267 is unique
Config 268 is unique
Config 269 is unique
Config 270 is unique
Config 271 is unique
Config 272 is unique
Config 273 is unique
Config 274 is unique
Config 275 is unique
Config 276 is unique
Config 278 is unique
Config 279 is unique
Config 280 is unique
Config 281 is unique
Config 282 is unique
Config 283 is unique
Config 284 is unique
Config 285 is unique
Config 286 is unique
Config 287 is unique
Config 288 is unique
Config 290 is unique
Config 291 is unique
Config 292 is unique
Config 293 is unique
Config 294 is unique
Config 295 is unique
Config 296 is unique
Config 297 is unique
Config 298 is unique
Config 299 is unique
Config 300 is unique
Config 301 is unique
Config 302 is unique
Config 303 is unique
Config 304 is unique
Config 305 is unique
Config 306 is unique
Config 338 is unique
Config 339 is unique
Config 340 is unique
Config 341 is unique
Config 342 is unique
Config 343 is unique
Config 344 is unique
Config 345 is unique
Config 346 is unique
Config 348 is unique
Config 349 is unique
Config 350 is unique
Config 352 is unique
Config 353 is unique
Config 370 is unique
Config 371 is unique
Config 372 is unique
Config 373 is unique
Config 374 is unique
Config 375 is unique
Config 376 is unique
Config 377 is unique
Config 378 is unique
Config 380 is unique
Config 381 is unique
Config 382 is unique
Config 383 is unique
Config 384 is unique
Config 385 is unique
Config 386 is unique
Config 387 is unique
Config 388 is unique
Config 389 is unique
Config 390 is unique
Config 391 is unique
Config 392 is unique
Config 393 is unique
Config 394 is unique
Config 395 is unique
Config 396 is unique
Config 397 is unique
Config 398 is unique
Config 399 is unique
Config 400 is unique
Config 401 is unique
Config 402 is unique
Config 403 is unique
Config 404 is unique
Config 405 is unique
Config 406 is unique
Config 408 is unique
Config 409 is unique
Config 410 is unique
Config 414 is unique
Config 417 is unique
Config 418 is unique
Config 421 is unique
Config 460 is unique
Config 461 is unique
Config 462 is unique
Config 463 is unique
Config 464 is unique
Config 465 is unique
Config 467 is unique
Config 469 is unique
Config 470 is unique
Config 471 is unique
Config 472 is unique
Config 473 is unique
Config 474 is unique
Config 475 is unique
Config 476 is unique
Config 478 is unique
Config 479 is unique
Config 482 is unique
Config 483 is unique
Config 484 is unique
Config 549 is unique
Config 550 is unique
Config 551 is unique
Config 552 is unique
Config 553 is unique
Config 555 is unique
Config 557 is unique
Config 558 is unique
Config 559 is unique
Config 560 is unique
Config 561 is unique
Config 562 is unique
Config 563 is unique
Config 564 is unique
Config 565 is unique
Config 566 is unique
Config 567 is unique
Config 568 is unique
Config 569 is unique
Config 570 is unique
Config 571 is unique
Config 572 is unique
Config 573 is unique
Config 574 is unique
Config 575 is unique
Config 576 is unique
Config 577 is unique
Config 578 is unique
Config 579 is unique
Config 580 is unique
Config 581 is unique
Config 582 is unique
Config 583 is unique
Config 584 is unique
Config 585 is unique
Config 586 is unique
Config 587 is unique
Config 588 is unique
Config 589 is unique
Config 595 is unique
Config 596 is unique
Config 597 is unique
Config 598 is unique
Config 600 is unique
Config 602 is unique
Config 607 is unique
Config 608 is unique
Config 609 is unique
Config 610 is unique
Config 611 is unique
Config 612 is unique
Config 613 is unique
Config 614 is unique
Config 615 is unique
Config 616 is unique
Config 618 is unique
Config 619 is unique
Config 620 is unique
Config 621 is unique
Config 622 is unique
Config 625 is unique
Config 626 is unique
Config 627 is unique
Config 628 is unique
Config 629 is unique
Config 630 is unique
Config 632 is unique
Config 633 is unique
Config 634 is unique
Config 636 is unique
Config 637 is unique
Config 638 is unique
Config 640 is unique
Config 642 is unique
Config 644 is unique
Config 645 is unique
Config 646 is unique
Config 647 is unique
Config 648 is unique
Config 649 is unique
Config 650 is unique
Config 651 is unique
Config 652 is unique
Config 653 is unique
Config 654 is unique
Config 655 is unique
Config 656 is unique
Config 657 is unique
Config 658 is unique
Config 659 is unique
Config 660 is unique
Config 692 is unique
Config 694 is unique
Config 695 is unique
Config 696 is unique
Config 698 is unique
Config 699 is unique
Config 700 is unique
Config 702 is unique
Config 703 is unique
Config 706 is unique
Config 707 is unique
Config 724 is unique
Config 726 is unique
Config 728 is unique
Config 730 is unique
Config 731 is unique
Config 732 is unique
Config 733 is unique
Config 734 is unique
Config 735 is unique
Config 736 is unique
Config 737 is unique
Config 738 is unique
Config 739 is unique
Config 740 is unique
Config 741 is unique
Config 742 is unique
Config 743 is unique
Config 744 is unique
Config 745 is unique
Config 746 is unique
Config 811 is unique
Config 813 is unique
Config 815 is unique
Config 816 is unique
Config 817 is unique
Config 818 is unique
Config 819 is unique
Config 820 is unique
Config 821 is unique
Config 822 is unique
Config 823 is unique
Config 824 is unique
Config 825 is unique
Config 828 is unique
Config 829 is unique
Config 980 is unique
Config 982 is unique
Config 983 is unique
Config 984 is unique
Config 985 is unique
Config 986 is unique
Config 987 is unique
Config 988 is unique
Config 989 is unique
Config 990 is unique
Config 991 is unique
Config 992 is unique
Config 993 is unique
Config 994 is unique
Config 995 is unique
Config 996 is unique
Config 997 is unique
Config 998 is unique
Config 1032 is unique
Config 1033 is unique
Config 1034 is unique
Config 1036 is unique
Config 1037 is unique
Config 1038 is unique
Config 1040 is unique
Config 1041 is unique
Config 1044 is unique
Config 1045 is unique
Config 1145 is unique
Config 1146 is unique
Config 1147 is unique
Config 1148 is unique
Config 1150 is unique
Config 1151 is unique
Config 1152 is unique
Config 1153 is unique
Config 1154 is unique
Config 1155 is unique
Config 1156 is unique
Config 1158 is unique
Config 1159 is unique
Config 1305 is unique
Config 1306 is unique
Config 1307 is unique
Config 1308 is unique
Config 1309 is unique
Config 1310 is unique
Config 1311 is unique
Config 1312 is unique
Config 1313 is unique
Config 1314 is unique
Config 1315 is unique
Config 1316 is unique
Config 1317 is unique
Config 1318 is unique
Config 1319 is unique
Config 1320 is unique
Config 1354 is unique
Config 1355 is unique
Config 1358 is unique
Config 1359 is unique
Config 1360 is unique
Config 1362 is unique
Config 1363 is unique
Config 1366 is unique
Config 1367 is unique
Config 1384 is unique
Config 1385 is unique
Config 1386 is unique
Config 1387 is unique
Config 1388 is unique
Config 1389 is unique
Config 1390 is unique
Config 1391 is unique
Config 1392 is unique
Config 1393 is unique
Config 1394 is unique
Config 1395 is unique
Config 1396 is unique
Config 1397 is unique
Config 1398 is unique
Config 1399 is unique
Config 1400 is unique
Config 1403 is unique
Config 1404 is unique
Config 1446 is unique
Config 1447 is unique
Config 1450 is unique
Config 1451 is unique
Config 1462 is unique
Config 1463 is unique
Config 1464 is unique
Config 1465 is unique
Config 1466 is unique
Config 1467 is unique
Config 1468 is unique
Config 1469 is unique
Config 1470 is unique
Config 1471 is unique
Config 1472 is unique
Config 1473 is unique
Config 1474 is unique
Config 1475 is unique
Config 1476 is unique
Config 1477 is unique
Config 1480 is unique
Config 1486 is unique
Config 1488 is unique
Config 1524 is unique
Config 1527 is unique
Config 1535 is unique
Config 1539 is unique
Config 1540 is unique
Config 1541 is unique
Config 1542 is unique
Config 1543 is unique
Config 1544 is unique
Config 1545 is unique
Config 1546 is unique
Config 1547 is unique
Config 1548 is unique
Config 1549 is unique
Config 1550 is unique
Config 1551 is unique
Config 1552 is unique
Config 1553 is unique
Config 1554 is unique
Config 1555 is unique
Config 1556 is unique
Config 1557 is unique
Config 1558 is unique
Config 1559 is unique
Config 1560 is unique
Config 1561 is unique
Config 1562 is unique
Config 1563 is unique
Config 1564 is unique
Config 1565 is unique
Config 1566 is unique
Config 1567 is unique
Config 1568 is unique
Config 1569 is unique
Config 1570 is unique
Config 1571 is unique
Config 1572 is unique
Config 1573 is unique
Config 1574 is unique
Config 1575 is unique
Config 1576 is unique
Config 1580 is unique
Config 1581 is unique
Config 1582 is unique
Config 1583 is unique
Config 1615 is unique
Config 1616 is unique
Config 1617 is unique
Config 1618 is unique
Config 1619 is unique
Config 1620 is unique
Config 1621 is unique
Config 1622 is unique
Config 1623 is unique
Config 1624 is unique
Config 1626 is unique
Config 1627 is unique
Config 1628 is unique
Config 1629 is unique
Config 1630 is unique
Config 1631 is unique
Config 1632 is unique
Config 1639 is unique
Config 1640 is unique
Config 1690 is unique
Config 1691 is unique
Config 1692 is unique
Config 1693 is unique
Config 1694 is unique
Config 1695 is unique
Config 1696 is unique
Config 1697 is unique
Config 1698 is unique
Config 1700 is unique
Config 1701 is unique
Config 1702 is unique
Config 1703 is unique
Config 1704 is unique
Config 1705 is unique
Config 1706 is unique
Config 1707 is unique
Config 1708 is unique
Config 1709 is unique
Config 1710 is unique
Config 1712 is unique
Config 1713 is unique
Config 1714 is unique
Config 1718 is unique
Config 1721 is unique
Config 1722 is unique
Config 1725 is unique
Config 1752 is unique
Config 1753 is unique
Config 1756 is unique
Config 1757 is unique
Config 1764 is unique
Config 1765 is unique
Config 1766 is unique
Config 1767 is unique
Config 1768 is unique
Config 1769 is unique
Config 1771 is unique
Config 1773 is unique
Config 1774 is unique
Config 1775 is unique
Config 1778 is unique
Config 1779 is unique
Config 1826 is unique
Config 1837 is unique
Config 1838 is unique
Config 1839 is unique
Config 1840 is unique
Config 1841 is unique
Config 1843 is unique
Config 1845 is unique
Config 1846 is unique
Config 1847 is unique
Config 1848 is unique
Config 1849 is unique
Config 1850 is unique
Config 1851 is unique
Config 1852 is unique
Config 1853 is unique
Config 1854 is unique
Config 1855 is unique
Config 1856 is unique
Config 1857 is unique
Config 1858 is unique
Config 1859 is unique
Config 1860 is unique
Config 1861 is unique
Config 1867 is unique
Config 1868 is unique
Config 1869 is unique
Config 1870 is unique
Config 1872 is unique
Config 1874 is unique
Config 1909 is unique
Config 1910 is unique
Config 1912 is unique
Config 1914 is unique
Config 1916 is unique
Config 1917 is unique
Config 1918 is unique
Config 1919 is unique
Config 1920 is unique
Config 1921 is unique
Config 1922 is unique
Config 1923 is unique
Config 1924 is unique
Config 1980 is unique
Config 1982 is unique
Config 1984 is unique
Config 1986 is unique
Config 1987 is unique
Config 1988 is unique
Config 1991 is unique
Config 1992 is unique
Config 1995 is unique
Config 1996 is unique
Config 1999 is unique
Config 2000 is unique
Config 2042 is unique
Config 2043 is unique
Config 2047 is unique
Config 2051 is unique
Config 2053 is unique
Config 2055 is unique
Config 2056 is unique
Config 2060 is unique
Config 2061 is unique
Config 2064 is unique
Config 2188 is unique
Config 2190 is unique
Config 2191 is unique
Config 2192 is unique
Config 2195 is unique
Config 2196 is unique
Config 2197 is unique
Config 2198 is unique
Config 2199 is unique
Config 2200 is unique
Config 2321 is unique
Config 2322 is unique
Config 2323 is unique
Config 2330 is unique
Config 2331 is unique
Config 2449 is unique
Config 2450 is unique
Config 2451 is unique
Config 2452 is unique
Config 2457 is unique
Config 2458 is unique
Config 2459 is unique
Config 2460 is unique
Config 2512 is unique
Config 2513 is unique
Config 2514 is unique
Config 2515 is unique
Config 2516 is unique
Config 2517 is unique
Config 2518 is unique
Config 2519 is unique
Config 2520 is unique
Config 2523 is unique
Config 2524 is unique
Config 2574 is unique
Config 2575 is unique
Config 2576 is unique
Config 2577 is unique
Config 2580 is unique
Config 2581 is unique
Config 2582 is unique
Config 2583 is unique
Config 2584 is unique
Config 2585 is unique
Config 2632 is unique
Config 2635 is unique
Config 2636 is unique
Config 2637 is unique
Config 2638 is unique
Config 2639 is unique
Config 2640 is unique
Config 2641 is unique
Config 2642 is unique
Config 2643 is unique
Config 2644 is unique
Config 2645 is unique
Config 2646 is unique
Config 2647 is unique
Config 2648 is unique
Config 2649 is unique
Config 2650 is unique
Config 2651 is unique
Config 2652 is unique
Config 2653 is unique
Config 2654 is unique
Config 2655 is unique
Config 2656 is unique
Config 2660 is unique
Config 2662 is unique
Config 2695 is unique
Config 2696 is unique
Config 2697 is unique
Config 2698 is unique
Config 2699 is unique
Config 2701 is unique
Config 2702 is unique
Config 2703 is unique
Config 2706 is unique
Config 2754 is unique
Config 2755 is unique
Config 2756 is unique
Config 2757 is unique
Config 2758 is unique
Config 2760 is unique
Config 2761 is unique
Config 2762 is unique
Config 2766 is unique
Config 2769 is unique
Config 2770 is unique
Config 2773 is unique
Config 2812 is unique
Config 2814 is unique
Config 2815 is unique
Config 2819 is unique
Config 2869 is unique
Config 2870 is unique
Config 2871 is unique
Config 2872 is unique
Config 2873 is unique
Config 2875 is unique
Config 2877 is unique
Config 2883 is unique
Config 2884 is unique
Config 2885 is unique
Config 2886 is unique
Config 2888 is unique
Config 2890 is unique
Config 2925 is unique
Config 2928 is unique
Config 2932 is unique
Config 2980 is unique
Config 2982 is unique
Config 2984 is unique
Config 2986 is unique
Config 3037 is unique
Config 3142 is unique
Config 3384 is unique
Config 3387 is unique
Config 3388 is unique
Config 3432 is unique
Config 3439 is unique
Config 3562 is unique
Config 3565 is unique
Unique indices: [0, 1, 2, 3, 4, 5, 6, 7, 8, 9, 10, 11, 12, 13, 14, 15, 16, 17, 18, 19, 20, 21, 22, 23, 24, 27, 28, 94, 95, 96, 97, 98, 99, 100, 101, 102, 103, 104, 105, 106, 107, 108, 109, 110, 111, 112, 113, 116, 117, 118, 119, 120, 121, 187, 188, 189, 190, 191, 192, 193, 194, 195, 196, 197, 198, 199, 200, 201, 202, 203, 204, 205, 206, 207, 208, 209, 210, 211, 212, 213, 214, 215, 216, 217, 218, 219, 220, 221, 222, 223, 224, 225, 226, 227, 228, 229, 230, 231, 232, 233, 234, 235, 236, 237, 238, 239, 240, 244, 245, 246, 247, 248, 249, 250, 251, 252, 253, 254, 255, 256, 257, 258, 259, 260, 261, 262, 263, 264, 265, 266, 267, 268, 269, 270, 271, 272, 273, 274, 275, 276, 278, 279, 280, 281, 282, 283, 284, 285, 286, 287, 288, 290, 291, 292, 293, 294, 295, 296, 297, 298, 299, 300, 301, 302, 303, 304, 305, 306, 338, 339, 340, 341, 342, 343, 344, 345, 346, 348, 349, 350, 352, 353, 370, 371, 372, 373, 374, 375, 376, 377, 378, 380, 381, 382, 383, 384, 385, 386, 387, 388, 389, 390, 391, 392, 393, 394, 395, 396, 397, 398, 399, 400, 401, 402, 403, 404, 405, 406, 408, 409, 410, 414, 417, 418, 421, 460, 461, 462, 463, 464, 465, 467, 469, 470, 471, 472, 473, 474, 475, 476, 478, 479, 482, 483, 484, 549, 550, 551, 552, 553, 555, 557, 558, 559, 560, 561, 562, 563, 564, 565, 566, 567, 568, 569, 570, 571, 572, 573, 574, 575, 576, 577, 578, 579, 580, 581, 582, 583, 584, 585, 586, 587, 588, 589, 595, 596, 597, 598, 600, 602, 607, 608, 609, 610, 611, 612, 613, 614, 615, 616, 618, 619, 620, 621, 622, 625, 626, 627, 628, 629, 630, 632, 633, 634, 636, 637, 638, 640, 642, 644, 645, 646, 647, 648, 649, 650, 651, 652, 653, 654, 655, 656, 657, 658, 659, 660, 692, 694, 695, 696, 698, 699, 700, 702, 703, 706, 707, 724, 726, 728, 730, 731, 732, 733, 734, 735, 736, 737, 738, 739, 740, 741, 742, 743, 744, 745, 746, 811, 813, 815, 816, 817, 818, 819, 820, 821, 822, 823, 824, 825, 828, 829, 980, 982, 983, 984, 985, 986, 987, 988, 989, 990, 991, 992, 993, 994, 995, 996, 997, 998, 1032, 1033, 1034, 1036, 1037, 1038, 1040, 1041, 1044, 1045, 1145, 1146, 1147, 1148, 1150, 1151, 1152, 1153, 1154, 1155, 1156, 1158, 1159, 1305, 1306, 1307, 1308, 1309, 1310, 1311, 1312, 1313, 1314, 1315, 1316, 1317, 1318, 1319, 1320, 1354, 1355, 1358, 1359, 1360, 1362, 1363, 1366, 1367, 1384, 1385, 1386, 1387, 1388, 1389, 1390, 1391, 1392, 1393, 1394, 1395, 1396, 1397, 1398, 1399, 1400, 1403, 1404, 1446, 1447, 1450, 1451, 1462, 1463, 1464, 1465, 1466, 1467, 1468, 1469, 1470, 1471, 1472, 1473, 1474, 1475, 1476, 1477, 1480, 1486, 1488, 1524, 1527, 1535, 1539, 1540, 1541, 1542, 1543, 1544, 1545, 1546, 1547, 1548, 1549, 1550, 1551, 1552, 1553, 1554, 1555, 1556, 1557, 1558, 1559, 1560, 1561, 1562, 1563, 1564, 1565, 1566, 1567, 1568, 1569, 1570, 1571, 1572, 1573, 1574, 1575, 1576, 1580, 1581, 1582, 1583, 1615, 1616, 1617, 1618, 1619, 1620, 1621, 1622, 1623, 1624, 1626, 1627, 1628, 1629, 1630, 1631, 1632, 1639, 1640, 1690, 1691, 1692, 1693, 1694, 1695, 1696, 1697, 1698, 1700, 1701, 1702, 1703, 1704, 1705, 1706, 1707, 1708, 1709, 1710, 1712, 1713, 1714, 1718, 1721, 1722, 1725, 1752, 1753, 1756, 1757, 1764, 1765, 1766, 1767, 1768, 1769, 1771, 1773, 1774, 1775, 1778, 1779, 1826, 1837, 1838, 1839, 1840, 1841, 1843, 1845, 1846, 1847, 1848, 1849, 1850, 1851, 1852, 1853, 1854, 1855, 1856, 1857, 1858, 1859, 1860, 1861, 1867, 1868, 1869, 1870, 1872, 1874, 1909, 1910, 1912, 1914, 1916, 1917, 1918, 1919, 1920, 1921, 1922, 1923, 1924, 1980, 1982, 1984, 1986, 1987, 1988, 1991, 1992, 1995, 1996, 1999, 2000, 2042, 2043, 2047, 2051, 2053, 2055, 2056, 2060, 2061, 2064, 2188, 2190, 2191, 2192, 2195, 2196, 2197, 2198, 2199, 2200, 2321, 2322, 2323, 2330, 2331, 2449, 2450, 2451, 2452, 2457, 2458, 2459, 2460, 2512, 2513, 2514, 2515, 2516, 2517, 2518, 2519, 2520, 2523, 2524, 2574, 2575, 2576, 2577, 2580, 2581, 2582, 2583, 2584, 2585, 2632, 2635, 2636, 2637, 2638, 2639, 2640, 2641, 2642, 2643, 2644, 2645, 2646, 2647, 2648, 2649, 2650, 2651, 2652, 2653, 2654, 2655, 2656, 2660, 2662, 2695, 2696, 2697, 2698, 2699, 2701, 2702, 2703, 2706, 2754, 2755, 2756, 2757, 2758, 2760, 2761, 2762, 2766, 2769, 2770, 2773, 2812, 2814, 2815, 2819, 2869, 2870, 2871, 2872, 2873, 2875, 2877, 2883, 2884, 2885, 2886, 2888, 2890, 2925, 2928, 2932, 2980, 2982, 2984, 2986, 3037, 3142, 3384, 3387, 3388, 3432, 3439, 3562, 3565]
There are 785 unique configurations, and 4465 configurations in total.
Counter: [3, 6, 6, 3, 3, 6, 6, 3, 3, 6, 6, 3, 3, 6, 6, 6, 6, 6, 6, 6, 6, 6, 6, 6, 6, 6, 6, 6, 6, 3, 3, 6, 6, 3, 3, 6, 6, 3, 3, 6, 6, 6, 6, 6, 6, 6, 6, 6, 6, 6, 6, 6, 6, 6, 6, 6, 6, 6, 6, 6, 6, 6, 6, 6, 6, 6, 6, 6, 6, 6, 6, 6, 6, 6, 6, 6, 6, 6, 6, 6, 6, 6, 6, 6, 6, 6, 6, 6, 6, 6, 6, 6, 6, 6, 6, 6, 6, 6, 6, 6, 6, 6, 6, 6, 6, 6, 6, 6, 6, 6, 6, 6, 6, 6, 6, 6, 6, 6, 3, 6, 6, 6, 6, 6, 6, 6, 6, 6, 3, 6, 6, 6, 6, 6, 6, 6, 6, 6, 6, 6, 6, 6, 6, 6, 6, 6, 6, 6, 6, 6, 6, 6, 6, 6, 6, 6, 6, 6, 6, 6, 6, 6, 6, 6, 6, 6, 6, 6, 6, 6, 6, 6, 6, 6, 6, 6, 3, 6, 6, 6, 6, 6, 3, 6, 6, 3, 3, 6, 6, 3, 3, 6, 6, 6, 6, 6, 6, 6, 6, 6, 6, 6, 6, 6, 6, 5, 6, 6, 6, 6, 6, 6, 6, 6, 6, 6, 6, 6, 6, 6, 6, 3, 3, 3, 3, 6, 6, 3, 3, 6, 6, 3, 6, 6, 6, 6, 6, 6, 6, 6, 6, 6, 6, 6, 6, 6, 6, 6, 6, 6, 6, 6, 6, 6, 6, 6, 6, 6, 6, 6, 6, 6, 6, 6, 6, 6, 4, 6, 6, 6, 6, 6, 6, 6, 6, 6, 6, 6, 6, 6, 6, 6, 6, 6, 6, 6, 6, 6, 6, 6, 6, 6, 6, 6, 6, 6, 3, 6, 6, 6, 6, 6, 6, 6, 6, 6, 6, 3, 6, 6, 6, 6, 6, 6, 6, 6, 6, 6, 6, 6, 6, 6, 6, 6, 6, 6, 6, 6, 6, 6, 6, 6, 6, 6, 6, 6, 6, 6, 6, 6, 6, 6, 3, 6, 6, 6, 6, 3, 6, 3, 6, 6, 6, 3, 3, 6, 6, 3, 3, 6, 6, 3, 3, 6, 6, 3, 3, 6, 3, 6, 6, 6, 6, 6, 6, 6, 6, 6, 6, 6, 6, 6, 6, 6, 6, 6, 6, 6, 6, 6, 6, 6, 6, 6, 6, 6, 6, 6, 6, 6, 6, 6, 6, 6, 6, 3, 6, 6, 6, 6, 6, 6, 6, 6, 6, 6, 6, 6, 6, 6, 6, 6, 6, 6, 6, 6, 6, 6, 6, 6, 6, 6, 6, 6, 6, 6, 6, 6, 6, 6, 6, 6, 6, 3, 6, 6, 6, 6, 6, 6, 6, 6, 6, 6, 6, 6, 6, 6, 6, 6, 6, 6, 6, 6, 6, 6, 6, 3, 6, 6, 6, 6, 6, 6, 6, 6, 6, 6, 6, 6, 6, 6, 6, 6, 3, 6, 6, 6, 3, 6, 3, 6, 6, 6, 6, 6, 6, 6, 6, 6, 6, 6, 6, 6, 6, 6, 6, 6, 6, 6, 6, 6, 6, 6, 6, 6, 6, 6, 6, 6, 6, 6, 6, 6, 6, 6, 6, 6, 6, 6, 6, 6, 6, 6, 2, 6, 6, 6, 6, 6, 6, 6, 6, 6, 6, 6, 6, 6, 6, 6, 6, 6, 6, 6, 6, 6, 6, 6, 6, 6, 6, 6, 6, 6, 6, 6, 6, 6, 6, 6, 6, 6, 6, 6, 6, 6, 6, 6, 6, 6, 6, 3, 6, 3, 6, 6, 6, 6, 6, 6, 6, 6, 6, 6, 6, 6, 6, 3, 6, 6, 6, 6, 6, 6, 6, 6, 6, 6, 6, 6, 6, 6, 6, 6, 6, 6, 6, 6, 6, 6, 6, 6, 6, 6, 6, 6, 6, 6, 6, 6, 6, 6, 6, 6, 6, 6, 6, 6, 6, 6, 6, 6, 6, 6, 3, 3, 3, 3, 3, 3, 3, 3, 1, 3, 3, 6, 6, 6, 6, 6, 6, 6, 6, 6, 6, 6, 6, 6, 6, 6, 6, 6, 6, 6, 6, 6, 6, 6, 6, 6, 6, 6, 6, 6, 6, 6, 6, 6, 6, 6, 6, 6, 6, 6, 6, 6, 6, 6, 6, 6, 6, 6, 6, 6, 6, 6, 1, 6, 6, 6, 6, 6, 3, 6, 6, 6, 6, 6, 6, 6, 6, 6, 3, 6, 6, 6, 6, 6, 6, 6, 6, 6, 6, 6, 6, 3, 6, 6, 6, 6, 6, 6, 6, 6, 6, 6, 6, 6, 6, 6, 6, 6, 6, 6, 6, 6, 6, 3, 6, 6, 6, 6, 6, 6, 3, 6, 6, 6, 6, 3, 6, 6, 6, 3, 6, 3, 6, 6, 3, 3, 3, 3, 3, 3, 3]
